Info: Starting: Create HDL design files for synthesis
Info: ip-generate --project-directory=E:/GithubRepository/SOC/project/DE1_SOC/ --output-directory=E:/GithubRepository/SOC/project/DE1_SOC/soc_system/synthesis/ --file-set=QUARTUS_SYNTH --report-file=html:E:/GithubRepository/SOC/project/DE1_SOC/soc_system.html --report-file=sopcinfo:E:/GithubRepository/SOC/project/DE1_SOC/soc_system.sopcinfo --report-file=cmp:E:/GithubRepository/SOC/project/DE1_SOC/soc_system.cmp --report-file=qip:E:/GithubRepository/SOC/project/DE1_SOC/soc_system/synthesis/soc_system.qip --report-file=svd --report-file=regmap:E:/GithubRepository/SOC/project/DE1_SOC/soc_system/synthesis/soc_system.regmap --report-file=debuginfo:E:/GithubRepository/SOC/project/DE1_SOC/soc_system/synthesis/soc_system.debuginfo --system-info=DEVICE_FAMILY="Cyclone V" --system-info=DEVICE=5CSEMA5F31C6 --system-info=DEVICE_SPEEDGRADE=6 --component-file=E:/GithubRepository/SOC/project/DE1_SOC/soc_system.qsys --language=VERILOG
Progress: Loading DE1_SOC/soc_system.qsys
Progress: Reading input file
Progress: Adding clk [clock_source 13.1]
Progress: Parameterizing module clk
Progress: Adding hps [altera_hps 13.1]
Progress: Parameterizing module hps
Progress: Adding sysID [altera_avalon_sysid_qsys 13.1]
Progress: Parameterizing module sysID
Progress: Adding HPS_Terminal [HPS_Terminal 2.0]
Progress: Parameterizing module HPS_Terminal
Progress: Adding pio_led [altera_avalon_pio 13.1]
Progress: Parameterizing module pio_led
Progress: Building connections
Progress: Parameterizing connections
Progress: Validating
Progress: Done reading input file
Info: soc_system.sysID: System ID is not assigned automatically. Edit the System ID parameter to provide a unique ID
Info: soc_system.sysID: Time stamp will be automatically updated when this component is generated.
Info: soc_system: Generating soc_system "soc_system" for QUARTUS_SYNTH
Info: pipeline_bridge_swap_transform: After transform: 5 modules, 11 connections
Info: No custom instruction connections, skipping transform 
Info: merlin_initial_interconnect_transform: After transform: 5 modules, 10 connections
Info: merlin_translator_transform: After transform: 8 modules, 19 connections
Info: merlin_domain_transform: After transform: 19 modules, 72 connections
Info: merlin_router_transform: After transform: 24 modules, 87 connections
Info: merlin_traffic_limiter_transform: After transform: 26 modules, 95 connections
Info: merlin_burst_transform: After transform: 29 modules, 104 connections
Info: merlin_network_to_switch_transform: After transform: 38 modules, 126 connections
Info: limiter_update_transform: After transform: 38 modules, 128 connections
Info: merlin_clock_and_reset_bridge_transform: After transform: 41 modules, 167 connections
Info: merlin_hierarchy_transform: After transform: 6 modules, 15 connections
Info: merlin_mm_transform: After transform: 6 modules, 15 connections
Warning: hps.f2h_irq0: Cannot connect clock for irq_mapper.sender
Warning: hps.f2h_irq0: Cannot connect reset for irq_mapper.sender
Warning: hps.f2h_irq1: Cannot connect clock for irq_mapper_001.sender
Warning: hps.f2h_irq1: Cannot connect reset for irq_mapper_001.sender
Info: merlin_interrupt_mapper_transform: After transform: 8 modules, 17 connections
Info: reset_adaptation_transform: After transform: 10 modules, 21 connections
Info: hps: "Doing Pretransform for module: hps"
Info: pipeline_bridge_swap_transform: After transform: 2 modules, 0 connections
Info: No custom instruction connections, skipping transform 
Info: hps: "soc_system" instantiated altera_hps "hps"
Info: sysID: "soc_system" instantiated altera_avalon_sysid_qsys "sysID"
Info: HPS_Terminal: "soc_system" instantiated HPS_Terminal "HPS_Terminal"
Info: pio_led: Starting RTL generation for module 'soc_system_pio_led'
Info: pio_led:   Generation command is [exec D:/app/quartus/quartus/bin/perl/bin/perl.exe -I D:/app/quartus/quartus/bin/perl/lib -I D:/app/quartus/quartus/sopc_builder/bin/europa -I D:/app/quartus/quartus/sopc_builder/bin/perl_lib -I D:/app/quartus/quartus/sopc_builder/bin -I D:/app/quartus/quartus/../ip/altera/sopc_builder_ip/common -I D:/app/quartus/quartus/../ip/altera/sopc_builder_ip/altera_avalon_pio -- D:/app/quartus/quartus/../ip/altera/sopc_builder_ip/altera_avalon_pio/generate_rtl.pl --name=soc_system_pio_led --dir=C:/Users/ADMINI~1/AppData/Local/Temp/alt7898_2360868275010875790.dir/0004_pio_led_gen/ --quartus_dir=D:/app/quartus/quartus --verilog --config=C:/Users/ADMINI~1/AppData/Local/Temp/alt7898_2360868275010875790.dir/0004_pio_led_gen//soc_system_pio_led_component_configuration.pl  --do_build_sim=0  ]
Info: pio_led: Done RTL generation for module 'soc_system_pio_led'
Info: pio_led: "soc_system" instantiated altera_avalon_pio "pio_led"
Info: pipeline_bridge_swap_transform: After transform: 36 modules, 119 connections
Info: No custom instruction connections, skipping transform 
Info: merlin_initial_interconnect_transform: After transform: 0 modules, 0 connections
Info: No Avalon connections, skipping transform 
Info: merlin_hierarchy_transform: After transform: 36 modules, 119 connections
Info: merlin_initial_interconnect_transform: After transform: 0 modules, 0 connections
Info: No Avalon connections, skipping transform 
Info: merlin_hierarchy_transform: After transform: 36 modules, 119 connections
Info: merlin_initial_interconnect_transform: After transform: 0 modules, 0 connections
Info: No Avalon connections, skipping transform 
Info: merlin_hierarchy_transform: After transform: 36 modules, 119 connections
Info: mm_interconnect_0: "soc_system" instantiated altera_merlin_interconnect_wrapper "mm_interconnect_0"
Info: irq_mapper: "soc_system" instantiated altera_irq_mapper "irq_mapper"
Info: rst_controller: "soc_system" instantiated altera_reset_controller "rst_controller"
Info: fpga_interfaces: "hps" instantiated altera_interface_generator "fpga_interfaces"
Info: pipeline_bridge_swap_transform: After transform: 1 modules, 0 connections
Info: No custom instruction connections, skipping transform 
Info: hps_io: "hps" instantiated altera_hps_io "hps_io"
Info: sysID_control_slave_translator: "mm_interconnect_0" instantiated altera_merlin_slave_translator "sysID_control_slave_translator"
Info: hps_h2f_axi_master_agent: "mm_interconnect_0" instantiated altera_merlin_axi_master_ni "hps_h2f_axi_master_agent"
Info: sysID_control_slave_translator_avalon_universal_slave_0_agent: "mm_interconnect_0" instantiated altera_merlin_slave_agent "sysID_control_slave_translator_avalon_universal_slave_0_agent"
Info: sysID_control_slave_translator_avalon_universal_slave_0_agent_rsp_fifo: "mm_interconnect_0" instantiated altera_avalon_sc_fifo "sysID_control_slave_translator_avalon_universal_slave_0_agent_rsp_fifo"
Info: addr_router: "mm_interconnect_0" instantiated altera_merlin_router "addr_router"
Info: id_router: "mm_interconnect_0" instantiated altera_merlin_router "id_router"
Info: limiter: "mm_interconnect_0" instantiated altera_merlin_traffic_limiter "limiter"
Info: Reusing file E:/GithubRepository/SOC/project/DE1_SOC/soc_system/synthesis/submodules/altera_avalon_sc_fifo.v
Info: burst_adapter: "mm_interconnect_0" instantiated altera_merlin_burst_adapter "burst_adapter"
Info: Reusing file E:/GithubRepository/SOC/project/DE1_SOC/soc_system/synthesis/submodules/altera_merlin_address_alignment.sv
Info: cmd_xbar_demux: "mm_interconnect_0" instantiated altera_merlin_demultiplexer "cmd_xbar_demux"
Info: cmd_xbar_mux: "mm_interconnect_0" instantiated altera_merlin_multiplexer "cmd_xbar_mux"
Info: rsp_xbar_demux: "mm_interconnect_0" instantiated altera_merlin_demultiplexer "rsp_xbar_demux"
Info: rsp_xbar_mux: "mm_interconnect_0" instantiated altera_merlin_multiplexer "rsp_xbar_mux"
Info: Reusing file E:/GithubRepository/SOC/project/DE1_SOC/soc_system/synthesis/submodules/altera_merlin_arbitrator.sv
Info: border: "hps_io" instantiated altera_interface_generator "border"
Info: soc_system: Done "soc_system" with 23 modules, 70 files, 1846758 bytes
Info: ip-generate succeeded.
Info: Finished: Create HDL design files for synthesis
